<?xml version="1.0" encoding="UTF-8"?>
<!-- Generated by org.testng.reporters.JUnitReportReporter -->
<testsuite hostname="Krishna" failures="0" tests="4" name="com.qa.tests.DemoTest3" time="0.001" errors="0" timestamp="2021-10-25T20:38:15 IST" skipped="0">
  <testcase classname="com.qa.tests.DemoTest3" name="sum" time="0.000"/>
  <testcase classname="com.qa.tests.DemoTest3" name="multiply" time="0.001"/>
  <testcase classname="com.qa.tests.DemoTest3" name="division" time="0.000"/>
  <testcase classname="com.qa.tests.DemoTest3" name="subtract" time="0.000"/>
</testsuite> <!-- com.qa.tests.DemoTest3 -->
