<?xml version="1.0" encoding="UTF-8"?>
<!-- Generated by org.testng.reporters.JUnitReportReporter -->
<testsuite hostname="Krishna" failures="0" tests="4" name="com.qa.tests.DemoTest" time="0.012" errors="0" timestamp="2021-10-25T20:38:26 IST" skipped="0">
  <testcase classname="com.qa.tests.DemoTest" name="division" time="0.009"/>
  <testcase classname="com.qa.tests.DemoTest" name="sum" time="0.002"/>
  <testcase classname="com.qa.tests.DemoTest" name="subtract" time="0.000"/>
  <testcase classname="com.qa.tests.DemoTest" name="multiply" time="0.001"/>
</testsuite> <!-- com.qa.tests.DemoTest -->
