<?xml version="1.0" encoding="UTF-8"?>
<!-- Generated by org.testng.reporters.JUnitReportReporter -->
<testsuite hostname="DESKTOP-PLAMAGM" failures="0" tests="2" name="Academy1.TitleValidation" time="1.523" errors="0" timestamp="2020-02-22T13:34:35 IST" skipped="0">
  <testcase classname="Academy1.TitleValidation" name="ValidateHeader" time="0.115"/>
  <testcase classname="Academy1.TitleValidation" name="ValidateAppTitle" time="1.408"/>
</testsuite> <!-- Academy1.TitleValidation -->
