<?xml version="1.0" encoding="UTF-8"?>
<!-- Generated by org.testng.reporters.JUnitReportReporter -->
<testsuite hostname="DESKTOP-PLAMAGM" failures="0" tests="1" name="Academy1.ValidateNavigationBar" time="0.090" errors="0" timestamp="2020-02-22T13:34:35 IST" skipped="0">
  <testcase classname="Academy1.ValidateNavigationBar" name="ValidateAppNavBar" time="0.090"/>
</testsuite> <!-- Academy1.ValidateNavigationBar -->
