<?xml version="1.0" encoding="UTF-8"?>
<!-- Generated by org.testng.reporters.JUnitReportReporter -->
<testsuite hostname="DESKTOP-87I31C9" failures="0" tests="2" name="Academy.homePage" time="51.971" errors="0" timestamp="2020-01-13T16:39:21 IST" skipped="0">
  <testcase classname="Academy.homePage" name="basePageNavigation" time="41.998"/>
  <testcase classname="Academy.homePage" name="basePageNavigation" time="9.973"/>
</testsuite> <!-- Academy.homePage -->
