<?xml version="1.0" encoding="UTF-8"?>
<!-- Generated by org.testng.reporters.JUnitReportReporter -->
<testsuite hostname="DESKTOP-87I31C9" failures="0" tests="1" name="Academy.TitleValidation" time="0.048" errors="0" timestamp="2020-01-13T16:06:22 IST" skipped="0">
  <testcase classname="Academy.TitleValidation" name="basePageNavigation" time="0.048"/>
</testsuite> <!-- Academy.TitleValidation -->
