<?xml version="1.0" encoding="UTF-8"?>
<!-- Generated by org.testng.reporters.JUnitReportReporter -->
<testsuite hostname="Krishna" failures="0" tests="3" name="demo.DynamicJson" time="13.043" errors="0" timestamp="9 Aug 2020 15:18:18 GMT">
  <testcase classname="demo.DynamicJson" name="addBook" time="0.566"/>
  <testcase classname="demo.DynamicJson" name="addBook" time="0.533"/>
  <testcase classname="demo.DynamicJson" name="addBook" time="11.944"/>
</testsuite> <!-- demo.DynamicJson -->
