<?xml version="1.0" encoding="UTF-8"?>
<!-- Generated by org.testng.reporters.JUnitReportReporter -->
<testsuite hostname="Krishna" failures="0" tests="1" name="javaStreams.FilterMechanism" time="7.506" errors="0" timestamp="2020-09-13T11:32:37 IST" skipped="0">
  <testcase classname="javaStreams.FilterMechanism" name="VerifyFilterMechanism" time="7.506"/>
</testsuite> <!-- javaStreams.FilterMechanism -->
