<?xml version="1.0" encoding="UTF-8"?>
<!-- Generated by org.testng.reporters.JUnitReportReporter -->
<testsuite hostname="Krishna" failures="0" tests="1" name="javaStreams.StringTest" time="0.020" errors="0" timestamp="2020-09-04T15:00:18 IST" skipped="0">
  <testcase classname="javaStreams.StringTest" name="Collectors" time="0.020"/>
</testsuite> <!-- javaStreams.StringTest -->
