<?xml version="1.0" encoding="UTF-8"?>
<!-- Generated by org.testng.reporters.JUnitReportReporter -->
<testsuite hostname="DESKTOP-EMMOM4M" failures="0" tests="1" name="com.crm.qa.testcases.StarOfService" time="24.363" errors="0" timestamp="2020-05-02T16:04:44 IST" skipped="0">
  <testcase classname="com.crm.qa.testcases.StarOfService" name="test" time="24.363"/>
</testsuite> <!-- com.crm.qa.testcases.StarOfService -->
