<?xml version="1.0" encoding="UTF-8"?>
<!-- Generated by org.testng.reporters.JUnitReportReporter -->
<testsuite hostname="DESKTOP-EMMOM4M" failures="0" tests="1" name="com.crm.qa.testcases.PlumberService" time="23.046" errors="0" timestamp="2020-05-02T15:42:04 IST" skipped="0">
  <testcase classname="com.crm.qa.testcases.PlumberService" name="test" time="23.046"/>
</testsuite> <!-- com.crm.qa.testcases.PlumberService -->
