<?xml version="1.0" encoding="UTF-8"?>
<!-- Generated by org.testng.reporters.JUnitReportReporter -->
<testsuite hostname="Krishna" failures="0" tests="1" name="demo.vegPrice" time="2.958" errors="0" timestamp="2021-10-29T19:34:49 IST" skipped="0">
  <testcase classname="demo.vegPrice" name="getVegPrice" time="2.958"/>
  <system-out/>
</testsuite> <!-- demo.vegPrice -->
