<?xml version="1.0" encoding="UTF-8"?>
<!-- Generated by org.testng.reporters.JUnitReportReporter -->
<testsuite hostname="Krishna" failures="0" tests="1" name="demo.SearchFilter" time="2.572" errors="0" timestamp="2021-10-29T20:07:25 IST" skipped="0">
  <testcase classname="demo.SearchFilter" name="searchVeggie" time="2.572"/>
  <system-out/>
</testsuite> <!-- demo.SearchFilter -->
